2020-12-21 16:46:42 INFO  Operation directory: /Users/hacker/Desktop/UA/CBD/CBD_classes/lab3/lab3.5/logs/LOAD_20201221-164642-234356
2020-12-21 16:46:44 WARN  At least 1 record does not match the provided schema.mapping or schema.query. Please check that the connector configuration and the schema configuration are correct.
2020-12-21 16:46:44 ERROR Operation LOAD_20201221-164642-234356 aborted: Too many errors, the maximum allowed is 100.
com.datastax.oss.dsbulk.workflow.api.error.TooManyErrorsException: Too many errors, the maximum allowed is 100.
	at com.datastax.oss.dsbulk.workflow.commons.log.LogManager.maybeTriggerOnError(LogManager.java:785)
	at com.datastax.oss.dsbulk.workflow.commons.log.LogManager.lambda$newUnmappableStatementsHandler$7(LogManager.java:300)
	at java.base/java.lang.Thread.run(Thread.java:829) [20 skipped]
	Suppressed: java.lang.Exception: #block terminated with an error
		at com.datastax.oss.dsbulk.workflow.load.LoadWorkflow.execute(LoadWorkflow.java:220) [2 skipped]
		at com.datastax.oss.dsbulk.runner.WorkflowThread.run(WorkflowThread.java:53)
2020-12-21 16:46:44 INFO  Records: total: 104, successful: 0, failed: 104
2020-12-21 16:46:44 INFO  Batches: total: 0, size: 0.00 mean, 0 min, 0 max
2020-12-21 16:46:44 INFO  Memory usage: used: 63 MB, free: 64 MB, allocated: 128 MB, available: 2,048 MB, total gc count: 5, total gc time: 25 ms
2020-12-21 16:46:44 INFO  Writes: total: 0, successful: 0, failed: 0, in-flight: 0
2020-12-21 16:46:44 INFO  Throughput: 0 writes/second
2020-12-21 16:46:44 INFO  Latencies: mean 0.00, 75p 0.00, 99p 0.00, 999p 0.00 milliseconds
2020-12-21 16:46:46 INFO  Final stats:
2020-12-21 16:46:46 INFO  Records: total: 104, successful: 0, failed: 104
2020-12-21 16:46:46 INFO  Batches: total: 0, size: 0.00 mean, 0 min, 0 max
2020-12-21 16:46:46 INFO  Memory usage: used: 24 MB, free: 103 MB, allocated: 128 MB, available: 2,048 MB, total gc count: 6, total gc time: 35 ms
2020-12-21 16:46:46 INFO  Writes: total: 0, successful: 0, failed: 0, in-flight: 0
2020-12-21 16:46:46 INFO  Throughput: 0 writes/second
2020-12-21 16:46:46 INFO  Latencies: mean 0.00, 75p 0.00, 99p 0.00, 999p 0.00 milliseconds
2020-12-21 16:46:46 INFO  Rejected records can be found in the following file(s): mapping.bad
2020-12-21 16:46:46 INFO  Errors are detailed in the following file(s): mapping-errors.log
2020-12-21 16:46:46 INFO  Last processed positions can be found in positions.txt
