2020-12-21 17:02:52 INFO  Operation directory: /Users/hacker/Desktop/UA/CBD/CBD_classes/lab3/lab3.5/logs/LOAD_20201221-170252-730286
2020-12-21 17:02:54 WARN  At least 1 record does not match the provided schema.mapping or schema.query. Please check that the connector configuration and the schema configuration are correct.
2020-12-21 17:02:54 ERROR Operation LOAD_20201221-170252-730286 aborted: Too many errors, the maximum allowed is 100.
com.datastax.oss.dsbulk.workflow.api.error.TooManyErrorsException: Too many errors, the maximum allowed is 100.
	at com.datastax.oss.dsbulk.workflow.commons.log.LogManager.maybeTriggerOnError(LogManager.java:785)
	at com.datastax.oss.dsbulk.workflow.commons.log.LogManager.lambda$newUnmappableStatementsHandler$7(LogManager.java:300)
	at com.datastax.oss.dsbulk.connectors.json.JsonConnector$JsonRecordReader.readNext(JsonConnector.java:231) [13 skipped]
	at com.datastax.oss.dsbulk.workflow.load.LoadWorkflow.execute(LoadWorkflow.java:220) [29 skipped]
	at com.datastax.oss.dsbulk.runner.WorkflowThread.run(WorkflowThread.java:53)
	Suppressed: java.lang.Exception: #block terminated with an error
		at com.datastax.oss.dsbulk.workflow.load.LoadWorkflow.execute(LoadWorkflow.java:220) [2 skipped]
		at com.datastax.oss.dsbulk.runner.WorkflowThread.run(WorkflowThread.java:53)
		... 2 common frames omitted
2020-12-21 17:02:54 INFO  Records: total: 102, successful: 0, failed: 102
2020-12-21 17:02:54 INFO  Batches: total: 0, size: 0.00 mean, 0 min, 0 max
2020-12-21 17:02:54 INFO  Memory usage: used: 61 MB, free: 66 MB, allocated: 128 MB, available: 2,048 MB, total gc count: 5, total gc time: 20 ms
2020-12-21 17:02:54 INFO  Writes: total: 0, successful: 0, failed: 0, in-flight: 0
2020-12-21 17:02:54 INFO  Throughput: 0 writes/second
2020-12-21 17:02:54 INFO  Latencies: mean 0.00, 75p 0.00, 99p 0.00, 999p 0.00 milliseconds
2020-12-21 17:02:57 INFO  Final stats:
2020-12-21 17:02:57 INFO  Records: total: 102, successful: 0, failed: 102
2020-12-21 17:02:57 INFO  Batches: total: 0, size: 0.00 mean, 0 min, 0 max
2020-12-21 17:02:57 INFO  Memory usage: used: 70 MB, free: 57 MB, allocated: 128 MB, available: 2,048 MB, total gc count: 5, total gc time: 20 ms
2020-12-21 17:02:57 INFO  Writes: total: 0, successful: 0, failed: 0, in-flight: 0
2020-12-21 17:02:57 INFO  Throughput: 0 writes/second
2020-12-21 17:02:57 INFO  Latencies: mean 0.00, 75p 0.00, 99p 0.00, 999p 0.00 milliseconds
2020-12-21 17:02:57 INFO  Rejected records can be found in the following file(s): mapping.bad
2020-12-21 17:02:57 INFO  Errors are detailed in the following file(s): mapping-errors.log
2020-12-21 17:02:57 INFO  Last processed positions can be found in positions.txt
